<?xml version="1.0" encoding="UTF-8"?>
<testsuite name="io.javaclasses.mathCalculator.MathCalculatorTest" tests="1" skipped="0" failures="0" errors="0" timestamp="2020-10-19T17:54:00" hostname="USER-PC" time="0.166">
  <properties/>
  <testcase name="testEvaluationOfExpressionWithParentheses()" classname="io.javaclasses.mathCalculator.MathCalculatorTest" time="0.166"/>
  <system-out><![CDATA[]]></system-out>
  <system-err><![CDATA[]]></system-err>
</testsuite>
